CRITICAL - 2021-11-10 07:07:33 --> Call to undefined method CodeIgniter\View\View::extends()
#0 C:\xampp\htdocs\marekvicha\system\View\View.php(214): include()
#1 C:\xampp\htdocs\marekvicha\system\View\View.php(217): CodeIgniter\View\View->CodeIgniter\View\{closure}()
#2 C:\xampp\htdocs\marekvicha\system\Common.php(1097): CodeIgniter\View\View->render('domu', Array, true)
#3 C:\xampp\htdocs\marekvicha\app\Controllers\Pages.php(8): view('domu')
#4 C:\xampp\htdocs\marekvicha\system\CodeIgniter.php(824): App\Controllers\Pages->index()
#5 C:\xampp\htdocs\marekvicha\system\CodeIgniter.php(410): CodeIgniter\CodeIgniter->runController(Object(App\Controllers\Pages))
#6 C:\xampp\htdocs\marekvicha\system\CodeIgniter.php(318): CodeIgniter\CodeIgniter->handleRequest(NULL, Object(Config\Cache), false)
#7 C:\xampp\htdocs\marekvicha\public\index.php(37): CodeIgniter\CodeIgniter->run()
#8 {main}
CRITICAL - 2021-11-10 07:08:40 --> Call to undefined method CodeIgniter\View\View::extends()
#0 C:\xampp\htdocs\marekvicha\system\View\View.php(214): include()
#1 C:\xampp\htdocs\marekvicha\system\View\View.php(217): CodeIgniter\View\View->CodeIgniter\View\{closure}()
#2 C:\xampp\htdocs\marekvicha\system\Common.php(1097): CodeIgniter\View\View->render('home', Array, true)
#3 C:\xampp\htdocs\marekvicha\app\Controllers\Pages.php(8): view('home')
#4 C:\xampp\htdocs\marekvicha\system\CodeIgniter.php(824): App\Controllers\Pages->index()
#5 C:\xampp\htdocs\marekvicha\system\CodeIgniter.php(410): CodeIgniter\CodeIgniter->runController(Object(App\Controllers\Pages))
#6 C:\xampp\htdocs\marekvicha\system\CodeIgniter.php(318): CodeIgniter\CodeIgniter->handleRequest(NULL, Object(Config\Cache), false)
#7 C:\xampp\htdocs\marekvicha\public\index.php(37): CodeIgniter\CodeIgniter->run()
#8 {main}
CRITICAL - 2021-11-10 07:09:42 --> Call to undefined method CodeIgniter\View\View::extends()
#0 C:\xampp\htdocs\marekvicha\system\View\View.php(214): include()
#1 C:\xampp\htdocs\marekvicha\system\View\View.php(217): CodeIgniter\View\View->CodeIgniter\View\{closure}()
#2 C:\xampp\htdocs\marekvicha\system\Common.php(1097): CodeIgniter\View\View->render('home', Array, true)
#3 C:\xampp\htdocs\marekvicha\app\Controllers\Pages.php(8): view('home')
#4 C:\xampp\htdocs\marekvicha\system\CodeIgniter.php(824): App\Controllers\Pages->index()
#5 C:\xampp\htdocs\marekvicha\system\CodeIgniter.php(410): CodeIgniter\CodeIgniter->runController(Object(App\Controllers\Pages))
#6 C:\xampp\htdocs\marekvicha\system\CodeIgniter.php(318): CodeIgniter\CodeIgniter->handleRequest(NULL, Object(Config\Cache), false)
#7 C:\xampp\htdocs\marekvicha\public\index.php(37): CodeIgniter\CodeIgniter->run()
#8 {main}
CRITICAL - 2021-11-10 07:09:43 --> Call to undefined method CodeIgniter\View\View::extends()
#0 C:\xampp\htdocs\marekvicha\system\View\View.php(214): include()
#1 C:\xampp\htdocs\marekvicha\system\View\View.php(217): CodeIgniter\View\View->CodeIgniter\View\{closure}()
#2 C:\xampp\htdocs\marekvicha\system\Common.php(1097): CodeIgniter\View\View->render('home', Array, true)
#3 C:\xampp\htdocs\marekvicha\app\Controllers\Pages.php(8): view('home')
#4 C:\xampp\htdocs\marekvicha\system\CodeIgniter.php(824): App\Controllers\Pages->index()
#5 C:\xampp\htdocs\marekvicha\system\CodeIgniter.php(410): CodeIgniter\CodeIgniter->runController(Object(App\Controllers\Pages))
#6 C:\xampp\htdocs\marekvicha\system\CodeIgniter.php(318): CodeIgniter\CodeIgniter->handleRequest(NULL, Object(Config\Cache), false)
#7 C:\xampp\htdocs\marekvicha\public\index.php(37): CodeIgniter\CodeIgniter->run()
#8 {main}
CRITICAL - 2021-11-10 07:10:48 --> Call to undefined method CodeIgniter\View\View::extends()
#0 C:\xampp\htdocs\marekvicha\system\View\View.php(214): include()
#1 C:\xampp\htdocs\marekvicha\system\View\View.php(217): CodeIgniter\View\View->CodeIgniter\View\{closure}()
#2 C:\xampp\htdocs\marekvicha\system\Common.php(1097): CodeIgniter\View\View->render('home', Array, true)
#3 C:\xampp\htdocs\marekvicha\app\Controllers\Pages.php(8): view('home')
#4 C:\xampp\htdocs\marekvicha\system\CodeIgniter.php(824): App\Controllers\Pages->index()
#5 C:\xampp\htdocs\marekvicha\system\CodeIgniter.php(410): CodeIgniter\CodeIgniter->runController(Object(App\Controllers\Pages))
#6 C:\xampp\htdocs\marekvicha\system\CodeIgniter.php(318): CodeIgniter\CodeIgniter->handleRequest(NULL, Object(Config\Cache), false)
#7 C:\xampp\htdocs\marekvicha\public\index.php(37): CodeIgniter\CodeIgniter->run()
#8 {main}
CRITICAL - 2021-11-10 07:10:48 --> Call to undefined method CodeIgniter\View\View::extends()
#0 C:\xampp\htdocs\marekvicha\system\View\View.php(214): include()
#1 C:\xampp\htdocs\marekvicha\system\View\View.php(217): CodeIgniter\View\View->CodeIgniter\View\{closure}()
#2 C:\xampp\htdocs\marekvicha\system\Common.php(1097): CodeIgniter\View\View->render('home', Array, true)
#3 C:\xampp\htdocs\marekvicha\app\Controllers\Pages.php(8): view('home')
#4 C:\xampp\htdocs\marekvicha\system\CodeIgniter.php(824): App\Controllers\Pages->index()
#5 C:\xampp\htdocs\marekvicha\system\CodeIgniter.php(410): CodeIgniter\CodeIgniter->runController(Object(App\Controllers\Pages))
#6 C:\xampp\htdocs\marekvicha\system\CodeIgniter.php(318): CodeIgniter\CodeIgniter->handleRequest(NULL, Object(Config\Cache), false)
#7 C:\xampp\htdocs\marekvicha\public\index.php(37): CodeIgniter\CodeIgniter->run()
#8 {main}
CRITICAL - 2021-11-10 07:10:48 --> Call to undefined method CodeIgniter\View\View::extends()
#0 C:\xampp\htdocs\marekvicha\system\View\View.php(214): include()
#1 C:\xampp\htdocs\marekvicha\system\View\View.php(217): CodeIgniter\View\View->CodeIgniter\View\{closure}()
#2 C:\xampp\htdocs\marekvicha\system\Common.php(1097): CodeIgniter\View\View->render('home', Array, true)
#3 C:\xampp\htdocs\marekvicha\app\Controllers\Pages.php(8): view('home')
#4 C:\xampp\htdocs\marekvicha\system\CodeIgniter.php(824): App\Controllers\Pages->index()
#5 C:\xampp\htdocs\marekvicha\system\CodeIgniter.php(410): CodeIgniter\CodeIgniter->runController(Object(App\Controllers\Pages))
#6 C:\xampp\htdocs\marekvicha\system\CodeIgniter.php(318): CodeIgniter\CodeIgniter->handleRequest(NULL, Object(Config\Cache), false)
#7 C:\xampp\htdocs\marekvicha\public\index.php(37): CodeIgniter\CodeIgniter->run()
#8 {main}
CRITICAL - 2021-11-10 07:11:29 --> Call to undefined method CodeIgniter\View\View::extends()
#0 C:\xampp\htdocs\marekvicha\system\View\View.php(214): include()
#1 C:\xampp\htdocs\marekvicha\system\View\View.php(217): CodeIgniter\View\View->CodeIgniter\View\{closure}()
#2 C:\xampp\htdocs\marekvicha\system\Common.php(1097): CodeIgniter\View\View->render('home', Array, true)
#3 C:\xampp\htdocs\marekvicha\app\Controllers\Pages.php(8): view('home')
#4 C:\xampp\htdocs\marekvicha\system\CodeIgniter.php(824): App\Controllers\Pages->home()
#5 C:\xampp\htdocs\marekvicha\system\CodeIgniter.php(410): CodeIgniter\CodeIgniter->runController(Object(App\Controllers\Pages))
#6 C:\xampp\htdocs\marekvicha\system\CodeIgniter.php(318): CodeIgniter\CodeIgniter->handleRequest(NULL, Object(Config\Cache), false)
#7 C:\xampp\htdocs\marekvicha\public\index.php(37): CodeIgniter\CodeIgniter->run()
#8 {main}
CRITICAL - 2021-11-10 07:11:30 --> Call to undefined method CodeIgniter\View\View::extends()
#0 C:\xampp\htdocs\marekvicha\system\View\View.php(214): include()
#1 C:\xampp\htdocs\marekvicha\system\View\View.php(217): CodeIgniter\View\View->CodeIgniter\View\{closure}()
#2 C:\xampp\htdocs\marekvicha\system\Common.php(1097): CodeIgniter\View\View->render('home', Array, true)
#3 C:\xampp\htdocs\marekvicha\app\Controllers\Pages.php(8): view('home')
#4 C:\xampp\htdocs\marekvicha\system\CodeIgniter.php(824): App\Controllers\Pages->home()
#5 C:\xampp\htdocs\marekvicha\system\CodeIgniter.php(410): CodeIgniter\CodeIgniter->runController(Object(App\Controllers\Pages))
#6 C:\xampp\htdocs\marekvicha\system\CodeIgniter.php(318): CodeIgniter\CodeIgniter->handleRequest(NULL, Object(Config\Cache), false)
#7 C:\xampp\htdocs\marekvicha\public\index.php(37): CodeIgniter\CodeIgniter->run()
#8 {main}
CRITICAL - 2021-11-10 07:11:30 --> Call to undefined method CodeIgniter\View\View::extends()
#0 C:\xampp\htdocs\marekvicha\system\View\View.php(214): include()
#1 C:\xampp\htdocs\marekvicha\system\View\View.php(217): CodeIgniter\View\View->CodeIgniter\View\{closure}()
#2 C:\xampp\htdocs\marekvicha\system\Common.php(1097): CodeIgniter\View\View->render('home', Array, true)
#3 C:\xampp\htdocs\marekvicha\app\Controllers\Pages.php(8): view('home')
#4 C:\xampp\htdocs\marekvicha\system\CodeIgniter.php(824): App\Controllers\Pages->home()
#5 C:\xampp\htdocs\marekvicha\system\CodeIgniter.php(410): CodeIgniter\CodeIgniter->runController(Object(App\Controllers\Pages))
#6 C:\xampp\htdocs\marekvicha\system\CodeIgniter.php(318): CodeIgniter\CodeIgniter->handleRequest(NULL, Object(Config\Cache), false)
#7 C:\xampp\htdocs\marekvicha\public\index.php(37): CodeIgniter\CodeIgniter->run()
#8 {main}
CRITICAL - 2021-11-10 07:12:26 --> Call to undefined method CodeIgniter\View\View::includes()
#0 C:\xampp\htdocs\marekvicha\system\View\View.php(214): include()
#1 C:\xampp\htdocs\marekvicha\system\View\View.php(217): CodeIgniter\View\View->CodeIgniter\View\{closure}()
#2 C:\xampp\htdocs\marekvicha\system\Common.php(1097): CodeIgniter\View\View->render('home', Array, true)
#3 C:\xampp\htdocs\marekvicha\app\Controllers\Pages.php(8): view('home')
#4 C:\xampp\htdocs\marekvicha\system\CodeIgniter.php(824): App\Controllers\Pages->home()
#5 C:\xampp\htdocs\marekvicha\system\CodeIgniter.php(410): CodeIgniter\CodeIgniter->runController(Object(App\Controllers\Pages))
#6 C:\xampp\htdocs\marekvicha\system\CodeIgniter.php(318): CodeIgniter\CodeIgniter->handleRequest(NULL, Object(Config\Cache), false)
#7 C:\xampp\htdocs\marekvicha\public\index.php(37): CodeIgniter\CodeIgniter->run()
#8 {main}
CRITICAL - 2021-11-10 07:12:27 --> Call to undefined method CodeIgniter\View\View::includes()
#0 C:\xampp\htdocs\marekvicha\system\View\View.php(214): include()
#1 C:\xampp\htdocs\marekvicha\system\View\View.php(217): CodeIgniter\View\View->CodeIgniter\View\{closure}()
#2 C:\xampp\htdocs\marekvicha\system\Common.php(1097): CodeIgniter\View\View->render('home', Array, true)
#3 C:\xampp\htdocs\marekvicha\app\Controllers\Pages.php(8): view('home')
#4 C:\xampp\htdocs\marekvicha\system\CodeIgniter.php(824): App\Controllers\Pages->home()
#5 C:\xampp\htdocs\marekvicha\system\CodeIgniter.php(410): CodeIgniter\CodeIgniter->runController(Object(App\Controllers\Pages))
#6 C:\xampp\htdocs\marekvicha\system\CodeIgniter.php(318): CodeIgniter\CodeIgniter->handleRequest(NULL, Object(Config\Cache), false)
#7 C:\xampp\htdocs\marekvicha\public\index.php(37): CodeIgniter\CodeIgniter->run()
#8 {main}
CRITICAL - 2021-11-10 09:35:57 --> Call to undefined method CodeIgniter\View\View::extends()
#0 C:\xampp\htdocs\marekvicha\system\View\View.php(214): include()
#1 C:\xampp\htdocs\marekvicha\system\View\View.php(217): CodeIgniter\View\View->CodeIgniter\View\{closure}()
#2 C:\xampp\htdocs\marekvicha\system\Common.php(1097): CodeIgniter\View\View->render('home', Array, true)
#3 C:\xampp\htdocs\marekvicha\app\Controllers\Pages.php(8): view('home')
#4 C:\xampp\htdocs\marekvicha\system\CodeIgniter.php(824): App\Controllers\Pages->home()
#5 C:\xampp\htdocs\marekvicha\system\CodeIgniter.php(410): CodeIgniter\CodeIgniter->runController(Object(App\Controllers\Pages))
#6 C:\xampp\htdocs\marekvicha\system\CodeIgniter.php(318): CodeIgniter\CodeIgniter->handleRequest(NULL, Object(Config\Cache), false)
#7 C:\xampp\htdocs\marekvicha\public\index.php(37): CodeIgniter\CodeIgniter->run()
#8 {main}
CRITICAL - 2021-11-10 09:54:00 --> require_once(includes/db.inc.php): Failed to open stream: No such file or directory
#0 C:\xampp\htdocs\marekvicha\app\Views\cards.php(8): CodeIgniter\Debug\Exceptions->errorHandler(2, 'require_once(in...', 'C:\\xampp\\htdocs...', 8)
#1 C:\xampp\htdocs\marekvicha\app\Views\cards.php(8): require_once()
#2 C:\xampp\htdocs\marekvicha\system\View\View.php(214): include('C:\\xampp\\htdocs...')
#3 C:\xampp\htdocs\marekvicha\system\View\View.php(217): CodeIgniter\View\View->CodeIgniter\View\{closure}()
#4 C:\xampp\htdocs\marekvicha\system\Common.php(1097): CodeIgniter\View\View->render('cards', Array, true)
#5 C:\xampp\htdocs\marekvicha\app\Controllers\Pages.php(16): view('cards')
#6 C:\xampp\htdocs\marekvicha\system\CodeIgniter.php(824): App\Controllers\Pages->cards()
#7 C:\xampp\htdocs\marekvicha\system\CodeIgniter.php(410): CodeIgniter\CodeIgniter->runController(Object(App\Controllers\Pages))
#8 C:\xampp\htdocs\marekvicha\system\CodeIgniter.php(318): CodeIgniter\CodeIgniter->handleRequest(NULL, Object(Config\Cache), false)
#9 C:\xampp\htdocs\marekvicha\public\index.php(37): CodeIgniter\CodeIgniter->run()
#10 {main}
CRITICAL - 2021-11-10 09:54:01 --> require_once(includes/db.inc.php): Failed to open stream: No such file or directory
#0 C:\xampp\htdocs\marekvicha\app\Views\cards.php(8): CodeIgniter\Debug\Exceptions->errorHandler(2, 'require_once(in...', 'C:\\xampp\\htdocs...', 8)
#1 C:\xampp\htdocs\marekvicha\app\Views\cards.php(8): require_once()
#2 C:\xampp\htdocs\marekvicha\system\View\View.php(214): include('C:\\xampp\\htdocs...')
#3 C:\xampp\htdocs\marekvicha\system\View\View.php(217): CodeIgniter\View\View->CodeIgniter\View\{closure}()
#4 C:\xampp\htdocs\marekvicha\system\Common.php(1097): CodeIgniter\View\View->render('cards', Array, true)
#5 C:\xampp\htdocs\marekvicha\app\Controllers\Pages.php(16): view('cards')
#6 C:\xampp\htdocs\marekvicha\system\CodeIgniter.php(824): App\Controllers\Pages->cards()
#7 C:\xampp\htdocs\marekvicha\system\CodeIgniter.php(410): CodeIgniter\CodeIgniter->runController(Object(App\Controllers\Pages))
#8 C:\xampp\htdocs\marekvicha\system\CodeIgniter.php(318): CodeIgniter\CodeIgniter->handleRequest(NULL, Object(Config\Cache), false)
#9 C:\xampp\htdocs\marekvicha\public\index.php(37): CodeIgniter\CodeIgniter->run()
#10 {main}
CRITICAL - 2021-11-10 10:05:06 --> Invalid file: register.php
#0 C:\xampp\htdocs\marekvicha\system\View\View.php(198): CodeIgniter\Exceptions\FrameworkException::forInvalidFile('register.php')
#1 C:\xampp\htdocs\marekvicha\system\Common.php(1097): CodeIgniter\View\View->render('register', Array, true)
#2 C:\xampp\htdocs\marekvicha\app\Controllers\User.php(20): view('register', Array)
#3 C:\xampp\htdocs\marekvicha\system\CodeIgniter.php(824): App\Controllers\User->register()
#4 C:\xampp\htdocs\marekvicha\system\CodeIgniter.php(410): CodeIgniter\CodeIgniter->runController(Object(App\Controllers\User))
#5 C:\xampp\htdocs\marekvicha\system\CodeIgniter.php(318): CodeIgniter\CodeIgniter->handleRequest(NULL, Object(Config\Cache), false)
#6 C:\xampp\htdocs\marekvicha\public\index.php(37): CodeIgniter\CodeIgniter->run()
#7 {main}
CRITICAL - 2021-11-10 10:05:12 --> Invalid file: register.php
#0 C:\xampp\htdocs\marekvicha\system\View\View.php(198): CodeIgniter\Exceptions\FrameworkException::forInvalidFile('register.php')
#1 C:\xampp\htdocs\marekvicha\system\Common.php(1097): CodeIgniter\View\View->render('register', Array, true)
#2 C:\xampp\htdocs\marekvicha\app\Controllers\User.php(20): view('register', Array)
#3 C:\xampp\htdocs\marekvicha\system\CodeIgniter.php(824): App\Controllers\User->register()
#4 C:\xampp\htdocs\marekvicha\system\CodeIgniter.php(410): CodeIgniter\CodeIgniter->runController(Object(App\Controllers\User))
#5 C:\xampp\htdocs\marekvicha\system\CodeIgniter.php(318): CodeIgniter\CodeIgniter->handleRequest(NULL, Object(Config\Cache), false)
#6 C:\xampp\htdocs\marekvicha\public\index.php(37): CodeIgniter\CodeIgniter->run()
#7 {main}
CRITICAL - 2021-11-10 10:05:23 --> Invalid file: register.php
#0 C:\xampp\htdocs\marekvicha\system\View\View.php(198): CodeIgniter\Exceptions\FrameworkException::forInvalidFile('register.php')
#1 C:\xampp\htdocs\marekvicha\system\Common.php(1097): CodeIgniter\View\View->render('register', Array, true)
#2 C:\xampp\htdocs\marekvicha\app\Controllers\User.php(20): view('register', Array)
#3 C:\xampp\htdocs\marekvicha\system\CodeIgniter.php(824): App\Controllers\User->register()
#4 C:\xampp\htdocs\marekvicha\system\CodeIgniter.php(410): CodeIgniter\CodeIgniter->runController(Object(App\Controllers\User))
#5 C:\xampp\htdocs\marekvicha\system\CodeIgniter.php(318): CodeIgniter\CodeIgniter->handleRequest(NULL, Object(Config\Cache), false)
#6 C:\xampp\htdocs\marekvicha\public\index.php(37): CodeIgniter\CodeIgniter->run()
#7 {main}
CRITICAL - 2021-11-10 11:13:52 --> syntax error, unexpected token "]"
#0 C:\xampp\htdocs\marekvicha\system\Autoloader\Autoloader.php(241): CodeIgniter\Autoloader\Autoloader->includeFile('C:\\xampp\\htdocs...')
#1 C:\xampp\htdocs\marekvicha\system\Autoloader\Autoloader.php(219): CodeIgniter\Autoloader\Autoloader->loadInNamespace('App\\Controllers...')
#2 [internal function]: CodeIgniter\Autoloader\Autoloader->loadClass('App\\Controllers...')
#3 C:\xampp\htdocs\marekvicha\system\CodeIgniter.php(789): class_exists('\\App\\Controller...', true)
#4 C:\xampp\htdocs\marekvicha\system\CodeIgniter.php(397): CodeIgniter\CodeIgniter->startController()
#5 C:\xampp\htdocs\marekvicha\system\CodeIgniter.php(318): CodeIgniter\CodeIgniter->handleRequest(NULL, Object(Config\Cache), false)
#6 C:\xampp\htdocs\marekvicha\public\index.php(37): CodeIgniter\CodeIgniter->run()
#7 {main}
CRITICAL - 2021-11-10 11:13:54 --> syntax error, unexpected token "]"
#0 C:\xampp\htdocs\marekvicha\system\Autoloader\Autoloader.php(241): CodeIgniter\Autoloader\Autoloader->includeFile('C:\\xampp\\htdocs...')
#1 C:\xampp\htdocs\marekvicha\system\Autoloader\Autoloader.php(219): CodeIgniter\Autoloader\Autoloader->loadInNamespace('App\\Controllers...')
#2 [internal function]: CodeIgniter\Autoloader\Autoloader->loadClass('App\\Controllers...')
#3 C:\xampp\htdocs\marekvicha\system\CodeIgniter.php(789): class_exists('\\App\\Controller...', true)
#4 C:\xampp\htdocs\marekvicha\system\CodeIgniter.php(397): CodeIgniter\CodeIgniter->startController()
#5 C:\xampp\htdocs\marekvicha\system\CodeIgniter.php(318): CodeIgniter\CodeIgniter->handleRequest(NULL, Object(Config\Cache), false)
#6 C:\xampp\htdocs\marekvicha\public\index.php(37): CodeIgniter\CodeIgniter->run()
#7 {main}
CRITICAL - 2021-11-10 11:13:55 --> syntax error, unexpected token "]"
#0 C:\xampp\htdocs\marekvicha\system\Autoloader\Autoloader.php(241): CodeIgniter\Autoloader\Autoloader->includeFile('C:\\xampp\\htdocs...')
#1 C:\xampp\htdocs\marekvicha\system\Autoloader\Autoloader.php(219): CodeIgniter\Autoloader\Autoloader->loadInNamespace('App\\Controllers...')
#2 [internal function]: CodeIgniter\Autoloader\Autoloader->loadClass('App\\Controllers...')
#3 C:\xampp\htdocs\marekvicha\system\CodeIgniter.php(789): class_exists('\\App\\Controller...', true)
#4 C:\xampp\htdocs\marekvicha\system\CodeIgniter.php(397): CodeIgniter\CodeIgniter->startController()
#5 C:\xampp\htdocs\marekvicha\system\CodeIgniter.php(318): CodeIgniter\CodeIgniter->handleRequest(NULL, Object(Config\Cache), false)
#6 C:\xampp\htdocs\marekvicha\public\index.php(37): CodeIgniter\CodeIgniter->run()
#7 {main}
CRITICAL - 2021-11-10 11:14:13 --> syntax error, unexpected token "]"
#0 C:\xampp\htdocs\marekvicha\system\Autoloader\Autoloader.php(241): CodeIgniter\Autoloader\Autoloader->includeFile('C:\\xampp\\htdocs...')
#1 C:\xampp\htdocs\marekvicha\system\Autoloader\Autoloader.php(219): CodeIgniter\Autoloader\Autoloader->loadInNamespace('App\\Controllers...')
#2 [internal function]: CodeIgniter\Autoloader\Autoloader->loadClass('App\\Controllers...')
#3 C:\xampp\htdocs\marekvicha\system\CodeIgniter.php(789): class_exists('\\App\\Controller...', true)
#4 C:\xampp\htdocs\marekvicha\system\CodeIgniter.php(397): CodeIgniter\CodeIgniter->startController()
#5 C:\xampp\htdocs\marekvicha\system\CodeIgniter.php(318): CodeIgniter\CodeIgniter->handleRequest(NULL, Object(Config\Cache), false)
#6 C:\xampp\htdocs\marekvicha\public\index.php(37): CodeIgniter\CodeIgniter->run()
#7 {main}
CRITICAL - 2021-11-10 11:14:36 -->  is not a valid rule.
#0 C:\xampp\htdocs\marekvicha\system\Validation\Validation.php(285): CodeIgniter\Validation\Exceptions\ValidationException::forRuleNotFound('')
#1 C:\xampp\htdocs\marekvicha\system\Validation\Validation.php(151): CodeIgniter\Validation\Validation->processRules('email', 'email', '', Array, Array)
#2 C:\xampp\htdocs\marekvicha\system\Controller.php(160): CodeIgniter\Validation\Validation->run()
#3 C:\xampp\htdocs\marekvicha\app\Controllers\User.php(31): CodeIgniter\Controller->validate(Array)
#4 C:\xampp\htdocs\marekvicha\system\CodeIgniter.php(824): App\Controllers\User->register()
#5 C:\xampp\htdocs\marekvicha\system\CodeIgniter.php(410): CodeIgniter\CodeIgniter->runController(Object(App\Controllers\User))
#6 C:\xampp\htdocs\marekvicha\system\CodeIgniter.php(318): CodeIgniter\CodeIgniter->handleRequest(NULL, Object(Config\Cache), false)
#7 C:\xampp\htdocs\marekvicha\public\index.php(37): CodeIgniter\CodeIgniter->run()
#8 {main}
CRITICAL - 2021-11-10 11:14:38 -->  is not a valid rule.
#0 C:\xampp\htdocs\marekvicha\system\Validation\Validation.php(285): CodeIgniter\Validation\Exceptions\ValidationException::forRuleNotFound('')
#1 C:\xampp\htdocs\marekvicha\system\Validation\Validation.php(151): CodeIgniter\Validation\Validation->processRules('email', 'email', '', Array, Array)
#2 C:\xampp\htdocs\marekvicha\system\Controller.php(160): CodeIgniter\Validation\Validation->run()
#3 C:\xampp\htdocs\marekvicha\app\Controllers\User.php(31): CodeIgniter\Controller->validate(Array)
#4 C:\xampp\htdocs\marekvicha\system\CodeIgniter.php(824): App\Controllers\User->register()
#5 C:\xampp\htdocs\marekvicha\system\CodeIgniter.php(410): CodeIgniter\CodeIgniter->runController(Object(App\Controllers\User))
#6 C:\xampp\htdocs\marekvicha\system\CodeIgniter.php(318): CodeIgniter\CodeIgniter->handleRequest(NULL, Object(Config\Cache), false)
#7 C:\xampp\htdocs\marekvicha\public\index.php(37): CodeIgniter\CodeIgniter->run()
#8 {main}
ERROR - 2021-11-10 11:18:07 --> Error connecting to the database: Access denied for user ''@'localhost' (using password: NO)
CRITICAL - 2021-11-10 11:18:07 --> Unable to connect to the database.
Main connection [MySQLi]: Access denied for user ''@'localhost' (using password: NO)
#0 C:\xampp\htdocs\marekvicha\system\Database\BaseConnection.php(577): CodeIgniter\Database\BaseConnection->initialize()
#1 C:\xampp\htdocs\marekvicha\system\Database\BaseBuilder.php(1443): CodeIgniter\Database\BaseConnection->query('SELECT 1\nFROM `...', Array, false)
#2 C:\xampp\htdocs\marekvicha\system\Validation\Rules.php(161): CodeIgniter\Database\BaseBuilder->get()
#3 C:\xampp\htdocs\marekvicha\system\Validation\Validation.php(277): CodeIgniter\Validation\Rules->is_unique('vicha-marek@sez...', 'uEmail', Array, NULL)
#4 C:\xampp\htdocs\marekvicha\system\Validation\Validation.php(151): CodeIgniter\Validation\Validation->processRules('email', 'email', 'vicha-marek@sez...', Array, Array)
#5 C:\xampp\htdocs\marekvicha\system\Controller.php(160): CodeIgniter\Validation\Validation->run()
#6 C:\xampp\htdocs\marekvicha\app\Controllers\User.php(33): CodeIgniter\Controller->validate(Array)
#7 C:\xampp\htdocs\marekvicha\system\CodeIgniter.php(824): App\Controllers\User->register()
#8 C:\xampp\htdocs\marekvicha\system\CodeIgniter.php(410): CodeIgniter\CodeIgniter->runController(Object(App\Controllers\User))
#9 C:\xampp\htdocs\marekvicha\system\CodeIgniter.php(318): CodeIgniter\CodeIgniter->handleRequest(NULL, Object(Config\Cache), false)
#10 C:\xampp\htdocs\marekvicha\public\index.php(37): CodeIgniter\CodeIgniter->run()
#11 {main}
ERROR - 2021-11-10 11:18:16 --> Error connecting to the database: Access denied for user ''@'localhost' (using password: NO)
CRITICAL - 2021-11-10 11:18:16 --> Unable to connect to the database.
Main connection [MySQLi]: Access denied for user ''@'localhost' (using password: NO)
#0 C:\xampp\htdocs\marekvicha\system\Database\BaseConnection.php(577): CodeIgniter\Database\BaseConnection->initialize()
#1 C:\xampp\htdocs\marekvicha\system\Database\BaseBuilder.php(1443): CodeIgniter\Database\BaseConnection->query('SELECT 1\nFROM `...', Array, false)
#2 C:\xampp\htdocs\marekvicha\system\Validation\Rules.php(161): CodeIgniter\Database\BaseBuilder->get()
#3 C:\xampp\htdocs\marekvicha\system\Validation\Validation.php(277): CodeIgniter\Validation\Rules->is_unique('vicha-marek@sez...', 'uEmail', Array, NULL)
#4 C:\xampp\htdocs\marekvicha\system\Validation\Validation.php(151): CodeIgniter\Validation\Validation->processRules('email', 'email', 'vicha-marek@sez...', Array, Array)
#5 C:\xampp\htdocs\marekvicha\system\Controller.php(160): CodeIgniter\Validation\Validation->run()
#6 C:\xampp\htdocs\marekvicha\app\Controllers\User.php(33): CodeIgniter\Controller->validate(Array)
#7 C:\xampp\htdocs\marekvicha\system\CodeIgniter.php(824): App\Controllers\User->register()
#8 C:\xampp\htdocs\marekvicha\system\CodeIgniter.php(410): CodeIgniter\CodeIgniter->runController(Object(App\Controllers\User))
#9 C:\xampp\htdocs\marekvicha\system\CodeIgniter.php(318): CodeIgniter\CodeIgniter->handleRequest(NULL, Object(Config\Cache), false)
#10 C:\xampp\htdocs\marekvicha\public\index.php(37): CodeIgniter\CodeIgniter->run()
#11 {main}
ERROR - 2021-11-10 11:18:28 --> Error connecting to the database: Access denied for user ''@'localhost' (using password: NO)
CRITICAL - 2021-11-10 11:18:28 --> Unable to connect to the database.
Main connection [MySQLi]: Access denied for user ''@'localhost' (using password: NO)
#0 C:\xampp\htdocs\marekvicha\system\Database\BaseConnection.php(577): CodeIgniter\Database\BaseConnection->initialize()
#1 C:\xampp\htdocs\marekvicha\system\Database\BaseBuilder.php(1443): CodeIgniter\Database\BaseConnection->query('SELECT 1\nFROM `...', Array, false)
#2 C:\xampp\htdocs\marekvicha\system\Validation\Rules.php(161): CodeIgniter\Database\BaseBuilder->get()
#3 C:\xampp\htdocs\marekvicha\system\Validation\Validation.php(277): CodeIgniter\Validation\Rules->is_unique('vicha-marek@sez...', 'uEmail', Array, NULL)
#4 C:\xampp\htdocs\marekvicha\system\Validation\Validation.php(151): CodeIgniter\Validation\Validation->processRules('email', 'email', 'vicha-marek@sez...', Array, Array)
#5 C:\xampp\htdocs\marekvicha\system\Controller.php(160): CodeIgniter\Validation\Validation->run()
#6 C:\xampp\htdocs\marekvicha\app\Controllers\User.php(33): CodeIgniter\Controller->validate(Array)
#7 C:\xampp\htdocs\marekvicha\system\CodeIgniter.php(824): App\Controllers\User->register()
#8 C:\xampp\htdocs\marekvicha\system\CodeIgniter.php(410): CodeIgniter\CodeIgniter->runController(Object(App\Controllers\User))
#9 C:\xampp\htdocs\marekvicha\system\CodeIgniter.php(318): CodeIgniter\CodeIgniter->handleRequest(NULL, Object(Config\Cache), false)
#10 C:\xampp\htdocs\marekvicha\public\index.php(37): CodeIgniter\CodeIgniter->run()
#11 {main}
ERROR - 2021-11-10 11:19:40 --> Error connecting to the database: Access denied for user ''@'localhost' (using password: NO)
CRITICAL - 2021-11-10 11:19:40 --> Unable to connect to the database.
Main connection [MySQLi]: Access denied for user ''@'localhost' (using password: NO)
#0 C:\xampp\htdocs\marekvicha\system\Database\BaseConnection.php(577): CodeIgniter\Database\BaseConnection->initialize()
#1 C:\xampp\htdocs\marekvicha\system\Database\BaseBuilder.php(1443): CodeIgniter\Database\BaseConnection->query('SELECT 1\nFROM `...', Array, false)
#2 C:\xampp\htdocs\marekvicha\system\Validation\Rules.php(161): CodeIgniter\Database\BaseBuilder->get()
#3 C:\xampp\htdocs\marekvicha\system\Validation\Validation.php(277): CodeIgniter\Validation\Rules->is_unique('vicha-marek@sez...', 'uEmail', Array, NULL)
#4 C:\xampp\htdocs\marekvicha\system\Validation\Validation.php(151): CodeIgniter\Validation\Validation->processRules('email', 'email', 'vicha-marek@sez...', Array, Array)
#5 C:\xampp\htdocs\marekvicha\system\Controller.php(160): CodeIgniter\Validation\Validation->run()
#6 C:\xampp\htdocs\marekvicha\app\Controllers\User.php(33): CodeIgniter\Controller->validate(Array)
#7 C:\xampp\htdocs\marekvicha\system\CodeIgniter.php(824): App\Controllers\User->register()
#8 C:\xampp\htdocs\marekvicha\system\CodeIgniter.php(410): CodeIgniter\CodeIgniter->runController(Object(App\Controllers\User))
#9 C:\xampp\htdocs\marekvicha\system\CodeIgniter.php(318): CodeIgniter\CodeIgniter->handleRequest(NULL, Object(Config\Cache), false)
#10 C:\xampp\htdocs\marekvicha\public\index.php(37): CodeIgniter\CodeIgniter->run()
#11 {main}
ERROR - 2021-11-10 11:20:26 --> Error connecting to the database: Access denied for user ''@'localhost' (using password: NO)
CRITICAL - 2021-11-10 11:20:26 --> Unable to connect to the database.
Main connection [MySQLi]: Access denied for user ''@'localhost' (using password: NO)
#0 C:\xampp\htdocs\marekvicha\system\Database\BaseConnection.php(577): CodeIgniter\Database\BaseConnection->initialize()
#1 C:\xampp\htdocs\marekvicha\system\Database\BaseBuilder.php(1443): CodeIgniter\Database\BaseConnection->query('SELECT 1\nFROM `...', Array, false)
#2 C:\xampp\htdocs\marekvicha\system\Validation\Rules.php(161): CodeIgniter\Database\BaseBuilder->get()
#3 C:\xampp\htdocs\marekvicha\system\Validation\Validation.php(277): CodeIgniter\Validation\Rules->is_unique('vicha-marek@sez...', 'uEmail', Array, NULL)
#4 C:\xampp\htdocs\marekvicha\system\Validation\Validation.php(151): CodeIgniter\Validation\Validation->processRules('email', 'email', 'vicha-marek@sez...', Array, Array)
#5 C:\xampp\htdocs\marekvicha\system\Controller.php(160): CodeIgniter\Validation\Validation->run()
#6 C:\xampp\htdocs\marekvicha\app\Controllers\User.php(33): CodeIgniter\Controller->validate(Array)
#7 C:\xampp\htdocs\marekvicha\system\CodeIgniter.php(824): App\Controllers\User->register()
#8 C:\xampp\htdocs\marekvicha\system\CodeIgniter.php(410): CodeIgniter\CodeIgniter->runController(Object(App\Controllers\User))
#9 C:\xampp\htdocs\marekvicha\system\CodeIgniter.php(318): CodeIgniter\CodeIgniter->handleRequest(NULL, Object(Config\Cache), false)
#10 C:\xampp\htdocs\marekvicha\public\index.php(37): CodeIgniter\CodeIgniter->run()
#11 {main}
ERROR - 2021-11-10 11:21:40 --> Error connecting to the database: Unknown database 'marekvicha'
CRITICAL - 2021-11-10 11:21:40 --> Unable to connect to the database.
Main connection [MySQLi]: Unknown database 'marekvicha'
#0 C:\xampp\htdocs\marekvicha\system\Database\BaseConnection.php(577): CodeIgniter\Database\BaseConnection->initialize()
#1 C:\xampp\htdocs\marekvicha\system\Database\BaseBuilder.php(1443): CodeIgniter\Database\BaseConnection->query('SELECT 1\nFROM `...', Array, false)
#2 C:\xampp\htdocs\marekvicha\system\Validation\Rules.php(161): CodeIgniter\Database\BaseBuilder->get()
#3 C:\xampp\htdocs\marekvicha\system\Validation\Validation.php(277): CodeIgniter\Validation\Rules->is_unique('vicha-marek@sez...', 'uEmail', Array, NULL)
#4 C:\xampp\htdocs\marekvicha\system\Validation\Validation.php(151): CodeIgniter\Validation\Validation->processRules('email', 'email', 'vicha-marek@sez...', Array, Array)
#5 C:\xampp\htdocs\marekvicha\system\Controller.php(160): CodeIgniter\Validation\Validation->run()
#6 C:\xampp\htdocs\marekvicha\app\Controllers\User.php(33): CodeIgniter\Controller->validate(Array)
#7 C:\xampp\htdocs\marekvicha\system\CodeIgniter.php(824): App\Controllers\User->register()
#8 C:\xampp\htdocs\marekvicha\system\CodeIgniter.php(410): CodeIgniter\CodeIgniter->runController(Object(App\Controllers\User))
#9 C:\xampp\htdocs\marekvicha\system\CodeIgniter.php(318): CodeIgniter\CodeIgniter->handleRequest(NULL, Object(Config\Cache), false)
#10 C:\xampp\htdocs\marekvicha\public\index.php(37): CodeIgniter\CodeIgniter->run()
#11 {main}
ERROR - 2021-11-10 11:40:10 --> Error connecting to the database: Unknown database 'marekvicha'
CRITICAL - 2021-11-10 11:40:10 --> Unable to connect to the database.
Main connection [MySQLi]: Unknown database 'marekvicha'
#0 C:\xampp\htdocs\marekvicha\system\Database\BaseConnection.php(577): CodeIgniter\Database\BaseConnection->initialize()
#1 C:\xampp\htdocs\marekvicha\system\Database\BaseBuilder.php(1443): CodeIgniter\Database\BaseConnection->query('SELECT 1\nFROM `...', Array, false)
#2 C:\xampp\htdocs\marekvicha\system\Validation\Rules.php(161): CodeIgniter\Database\BaseBuilder->get()
#3 C:\xampp\htdocs\marekvicha\system\Validation\Validation.php(277): CodeIgniter\Validation\Rules->is_unique('vicha-marek@sez...', 'uEmail', Array, NULL)
#4 C:\xampp\htdocs\marekvicha\system\Validation\Validation.php(151): CodeIgniter\Validation\Validation->processRules('email', 'email', 'vicha-marek@sez...', Array, Array)
#5 C:\xampp\htdocs\marekvicha\system\Controller.php(160): CodeIgniter\Validation\Validation->run()
#6 C:\xampp\htdocs\marekvicha\app\Controllers\User.php(34): CodeIgniter\Controller->validate(Array)
#7 C:\xampp\htdocs\marekvicha\system\CodeIgniter.php(824): App\Controllers\User->register()
#8 C:\xampp\htdocs\marekvicha\system\CodeIgniter.php(410): CodeIgniter\CodeIgniter->runController(Object(App\Controllers\User))
#9 C:\xampp\htdocs\marekvicha\system\CodeIgniter.php(318): CodeIgniter\CodeIgniter->handleRequest(NULL, Object(Config\Cache), false)
#10 C:\xampp\htdocs\marekvicha\public\index.php(37): CodeIgniter\CodeIgniter->run()
#11 {main}
ERROR - 2021-11-10 11:40:22 --> Error connecting to the database: Unknown database 'marekvicha'
CRITICAL - 2021-11-10 11:40:22 --> Unable to connect to the database.
Main connection [MySQLi]: Unknown database 'marekvicha'
#0 C:\xampp\htdocs\marekvicha\system\Database\BaseConnection.php(577): CodeIgniter\Database\BaseConnection->initialize()
#1 C:\xampp\htdocs\marekvicha\system\Database\BaseBuilder.php(1443): CodeIgniter\Database\BaseConnection->query('SELECT 1\nFROM `...', Array, false)
#2 C:\xampp\htdocs\marekvicha\system\Validation\Rules.php(161): CodeIgniter\Database\BaseBuilder->get()
#3 C:\xampp\htdocs\marekvicha\system\Validation\Validation.php(277): CodeIgniter\Validation\Rules->is_unique('vicha-marek@sez...', 'uEmail', Array, NULL)
#4 C:\xampp\htdocs\marekvicha\system\Validation\Validation.php(151): CodeIgniter\Validation\Validation->processRules('email', 'email', 'vicha-marek@sez...', Array, Array)
#5 C:\xampp\htdocs\marekvicha\system\Controller.php(160): CodeIgniter\Validation\Validation->run()
#6 C:\xampp\htdocs\marekvicha\app\Controllers\User.php(34): CodeIgniter\Controller->validate(Array)
#7 C:\xampp\htdocs\marekvicha\system\CodeIgniter.php(824): App\Controllers\User->register()
#8 C:\xampp\htdocs\marekvicha\system\CodeIgniter.php(410): CodeIgniter\CodeIgniter->runController(Object(App\Controllers\User))
#9 C:\xampp\htdocs\marekvicha\system\CodeIgniter.php(318): CodeIgniter\CodeIgniter->handleRequest(NULL, Object(Config\Cache), false)
#10 C:\xampp\htdocs\marekvicha\public\index.php(37): CodeIgniter\CodeIgniter->run()
#11 {main}
ERROR - 2021-11-10 11:41:04 --> Error connecting to the database: Unknown database 'marekvicha'
CRITICAL - 2021-11-10 11:41:04 --> Unable to connect to the database.
Main connection [MySQLi]: Unknown database 'marekvicha'
#0 C:\xampp\htdocs\marekvicha\system\Database\BaseConnection.php(577): CodeIgniter\Database\BaseConnection->initialize()
#1 C:\xampp\htdocs\marekvicha\system\Database\BaseBuilder.php(1443): CodeIgniter\Database\BaseConnection->query('SELECT 1\nFROM `...', Array, false)
#2 C:\xampp\htdocs\marekvicha\system\Validation\Rules.php(161): CodeIgniter\Database\BaseBuilder->get()
#3 C:\xampp\htdocs\marekvicha\system\Validation\Validation.php(277): CodeIgniter\Validation\Rules->is_unique('vicha-marek@sez...', 'uEmail', Array, NULL)
#4 C:\xampp\htdocs\marekvicha\system\Validation\Validation.php(151): CodeIgniter\Validation\Validation->processRules('email', 'email', 'vicha-marek@sez...', Array, Array)
#5 C:\xampp\htdocs\marekvicha\system\Controller.php(160): CodeIgniter\Validation\Validation->run()
#6 C:\xampp\htdocs\marekvicha\app\Controllers\User.php(34): CodeIgniter\Controller->validate(Array)
#7 C:\xampp\htdocs\marekvicha\system\CodeIgniter.php(824): App\Controllers\User->register()
#8 C:\xampp\htdocs\marekvicha\system\CodeIgniter.php(410): CodeIgniter\CodeIgniter->runController(Object(App\Controllers\User))
#9 C:\xampp\htdocs\marekvicha\system\CodeIgniter.php(318): CodeIgniter\CodeIgniter->handleRequest(NULL, Object(Config\Cache), false)
#10 C:\xampp\htdocs\marekvicha\public\index.php(37): CodeIgniter\CodeIgniter->run()
#11 {main}
CRITICAL - 2021-11-10 11:42:10 --> Class "App\Models\UserModel" not found
#0 C:\xampp\htdocs\marekvicha\system\CodeIgniter.php(824): App\Controllers\User->register()
#1 C:\xampp\htdocs\marekvicha\system\CodeIgniter.php(410): CodeIgniter\CodeIgniter->runController(Object(App\Controllers\User))
#2 C:\xampp\htdocs\marekvicha\system\CodeIgniter.php(318): CodeIgniter\CodeIgniter->handleRequest(NULL, Object(Config\Cache), false)
#3 C:\xampp\htdocs\marekvicha\public\index.php(37): CodeIgniter\CodeIgniter->run()
#4 {main}
CRITICAL - 2021-11-10 11:43:26 --> Class "App\Models\UserModel" not found
#0 C:\xampp\htdocs\marekvicha\system\CodeIgniter.php(824): App\Controllers\User->register()
#1 C:\xampp\htdocs\marekvicha\system\CodeIgniter.php(410): CodeIgniter\CodeIgniter->runController(Object(App\Controllers\User))
#2 C:\xampp\htdocs\marekvicha\system\CodeIgniter.php(318): CodeIgniter\CodeIgniter->handleRequest(NULL, Object(Config\Cache), false)
#3 C:\xampp\htdocs\marekvicha\public\index.php(37): CodeIgniter\CodeIgniter->run()
#4 {main}
CRITICAL - 2021-11-10 11:44:27 --> Class "App\Controllers\App\Models\UserModel" not found
#0 C:\xampp\htdocs\marekvicha\system\CodeIgniter.php(824): App\Controllers\User->register()
#1 C:\xampp\htdocs\marekvicha\system\CodeIgniter.php(410): CodeIgniter\CodeIgniter->runController(Object(App\Controllers\User))
#2 C:\xampp\htdocs\marekvicha\system\CodeIgniter.php(318): CodeIgniter\CodeIgniter->handleRequest(NULL, Object(Config\Cache), false)
#3 C:\xampp\htdocs\marekvicha\public\index.php(37): CodeIgniter\CodeIgniter->run()
#4 {main}
CRITICAL - 2021-11-10 11:45:14 --> Class "App\Models\UserModel" not found
#0 C:\xampp\htdocs\marekvicha\system\CodeIgniter.php(824): App\Controllers\User->register()
#1 C:\xampp\htdocs\marekvicha\system\CodeIgniter.php(410): CodeIgniter\CodeIgniter->runController(Object(App\Controllers\User))
#2 C:\xampp\htdocs\marekvicha\system\CodeIgniter.php(318): CodeIgniter\CodeIgniter->handleRequest(NULL, Object(Config\Cache), false)
#3 C:\xampp\htdocs\marekvicha\public\index.php(37): CodeIgniter\CodeIgniter->run()
#4 {main}
CRITICAL - 2021-11-10 11:45:34 --> Class "App\Models\UserModel" not found
#0 C:\xampp\htdocs\marekvicha\system\CodeIgniter.php(824): App\Controllers\User->register()
#1 C:\xampp\htdocs\marekvicha\system\CodeIgniter.php(410): CodeIgniter\CodeIgniter->runController(Object(App\Controllers\User))
#2 C:\xampp\htdocs\marekvicha\system\CodeIgniter.php(318): CodeIgniter\CodeIgniter->handleRequest(NULL, Object(Config\Cache), false)
#3 C:\xampp\htdocs\marekvicha\public\index.php(37): CodeIgniter\CodeIgniter->run()
#4 {main}
CRITICAL - 2021-11-10 11:49:40 --> Class "App\Model" not found
#0 C:\xampp\htdocs\marekvicha\system\Autoloader\Autoloader.php(264): include_once()
#1 C:\xampp\htdocs\marekvicha\system\Autoloader\Autoloader.php(241): CodeIgniter\Autoloader\Autoloader->includeFile('C:\\xampp\\htdocs...')
#2 C:\xampp\htdocs\marekvicha\system\Autoloader\Autoloader.php(219): CodeIgniter\Autoloader\Autoloader->loadInNamespace('App\\Models\\User...')
#3 C:\xampp\htdocs\marekvicha\app\Controllers\User.php(39): CodeIgniter\Autoloader\Autoloader->loadClass('App\\Models\\User...')
#4 C:\xampp\htdocs\marekvicha\system\CodeIgniter.php(824): App\Controllers\User->register()
#5 C:\xampp\htdocs\marekvicha\system\CodeIgniter.php(410): CodeIgniter\CodeIgniter->runController(Object(App\Controllers\User))
#6 C:\xampp\htdocs\marekvicha\system\CodeIgniter.php(318): CodeIgniter\CodeIgniter->handleRequest(NULL, Object(Config\Cache), false)
#7 C:\xampp\htdocs\marekvicha\public\index.php(37): CodeIgniter\CodeIgniter->run()
#8 {main}
CRITICAL - 2021-11-10 11:49:47 --> Class "App\Models\UserModel" not found
#0 C:\xampp\htdocs\marekvicha\system\CodeIgniter.php(824): App\Controllers\User->register()
#1 C:\xampp\htdocs\marekvicha\system\CodeIgniter.php(410): CodeIgniter\CodeIgniter->runController(Object(App\Controllers\User))
#2 C:\xampp\htdocs\marekvicha\system\CodeIgniter.php(318): CodeIgniter\CodeIgniter->handleRequest(NULL, Object(Config\Cache), false)
#3 C:\xampp\htdocs\marekvicha\public\index.php(37): CodeIgniter\CodeIgniter->run()
#4 {main}
CRITICAL - 2021-11-10 11:50:18 --> Class "CodeIgniter\Models\UserModel" not found
#0 C:\xampp\htdocs\marekvicha\system\CodeIgniter.php(824): App\Controllers\User->register()
#1 C:\xampp\htdocs\marekvicha\system\CodeIgniter.php(410): CodeIgniter\CodeIgniter->runController(Object(App\Controllers\User))
#2 C:\xampp\htdocs\marekvicha\system\CodeIgniter.php(318): CodeIgniter\CodeIgniter->handleRequest(NULL, Object(Config\Cache), false)
#3 C:\xampp\htdocs\marekvicha\public\index.php(37): CodeIgniter\CodeIgniter->run()
#4 {main}
CRITICAL - 2021-11-10 11:50:27 --> Class "App\Models\UserModel" not found
#0 C:\xampp\htdocs\marekvicha\system\CodeIgniter.php(824): App\Controllers\User->register()
#1 C:\xampp\htdocs\marekvicha\system\CodeIgniter.php(410): CodeIgniter\CodeIgniter->runController(Object(App\Controllers\User))
#2 C:\xampp\htdocs\marekvicha\system\CodeIgniter.php(318): CodeIgniter\CodeIgniter->handleRequest(NULL, Object(Config\Cache), false)
#3 C:\xampp\htdocs\marekvicha\public\index.php(37): CodeIgniter\CodeIgniter->run()
#4 {main}
CRITICAL - 2021-11-10 11:56:05 --> Class "App\Models\users" not found
#0 C:\xampp\htdocs\marekvicha\system\CodeIgniter.php(824): App\Controllers\User->register()
#1 C:\xampp\htdocs\marekvicha\system\CodeIgniter.php(410): CodeIgniter\CodeIgniter->runController(Object(App\Controllers\User))
#2 C:\xampp\htdocs\marekvicha\system\CodeIgniter.php(318): CodeIgniter\CodeIgniter->handleRequest(NULL, Object(Config\Cache), false)
#3 C:\xampp\htdocs\marekvicha\public\index.php(37): CodeIgniter\CodeIgniter->run()
#4 {main}
ERROR - 2021-11-10 11:59:10 --> Unknown column 'uNickname' in 'field list'
CRITICAL - 2021-11-10 11:59:10 --> Unknown column 'uNickname' in 'field list'
#0 C:\xampp\htdocs\marekvicha\system\Database\MySQLi\Connection.php(292): mysqli->query('INSERT INTO `us...', 0)
#1 C:\xampp\htdocs\marekvicha\system\Database\BaseConnection.php(670): CodeIgniter\Database\MySQLi\Connection->execute('INSERT INTO `us...')
#2 C:\xampp\htdocs\marekvicha\system\Database\BaseConnection.php(598): CodeIgniter\Database\BaseConnection->simpleQuery('INSERT INTO `us...')
#3 C:\xampp\htdocs\marekvicha\system\Database\BaseBuilder.php(1759): CodeIgniter\Database\BaseConnection->query('INSERT INTO `us...', Array, false)
#4 C:\xampp\htdocs\marekvicha\system\Model.php(239): CodeIgniter\Database\BaseBuilder->insert()
#5 C:\xampp\htdocs\marekvicha\system\BaseModel.php(738): CodeIgniter\Model->doInsert(Array)
#6 C:\xampp\htdocs\marekvicha\system\Model.php(620): CodeIgniter\BaseModel->insert(Array, false)
#7 C:\xampp\htdocs\marekvicha\system\BaseModel.php(658): CodeIgniter\Model->insert(Array, false)
#8 C:\xampp\htdocs\marekvicha\app\Controllers\User.php(48): CodeIgniter\BaseModel->save(Array)
#9 C:\xampp\htdocs\marekvicha\system\CodeIgniter.php(824): App\Controllers\User->register()
#10 C:\xampp\htdocs\marekvicha\system\CodeIgniter.php(410): CodeIgniter\CodeIgniter->runController(Object(App\Controllers\User))
#11 C:\xampp\htdocs\marekvicha\system\CodeIgniter.php(318): CodeIgniter\CodeIgniter->handleRequest(NULL, Object(Config\Cache), false)
#12 C:\xampp\htdocs\marekvicha\public\index.php(37): CodeIgniter\CodeIgniter->run()
#13 {main}
ERROR - 2021-11-10 12:15:26 --> Unknown column 'email' in 'where clause'
CRITICAL - 2021-11-10 12:15:26 --> Unknown column 'email' in 'where clause'
#0 C:\xampp\htdocs\marekvicha\system\Database\MySQLi\Connection.php(292): mysqli->query('SELECT *\nFROM `...', 0)
#1 C:\xampp\htdocs\marekvicha\system\Database\BaseConnection.php(670): CodeIgniter\Database\MySQLi\Connection->execute('SELECT *\nFROM `...')
#2 C:\xampp\htdocs\marekvicha\system\Database\BaseConnection.php(598): CodeIgniter\Database\BaseConnection->simpleQuery('SELECT *\nFROM `...')
#3 C:\xampp\htdocs\marekvicha\system\Database\BaseBuilder.php(1443): CodeIgniter\Database\BaseConnection->query('SELECT *\nFROM `...', Array, false)
#4 C:\xampp\htdocs\marekvicha\system\Model.php(210): CodeIgniter\Database\BaseBuilder->get()
#5 C:\xampp\htdocs\marekvicha\system\BaseModel.php(622): CodeIgniter\Model->doFirst()
#6 C:\xampp\htdocs\marekvicha\app\Validation\UserRules.php(11): CodeIgniter\BaseModel->first()
#7 C:\xampp\htdocs\marekvicha\system\Validation\Validation.php(277): App\Validation\UserRules->validateUser('a', 'email, password', Array, NULL)
#8 C:\xampp\htdocs\marekvicha\system\Validation\Validation.php(151): CodeIgniter\Validation\Validation->processRules('password', 'password', 'a', Array, Array)
#9 C:\xampp\htdocs\marekvicha\system\Controller.php(160): CodeIgniter\Validation\Validation->run()
#10 C:\xampp\htdocs\marekvicha\app\Controllers\User.php(27): CodeIgniter\Controller->validate(Array, Array)
#11 C:\xampp\htdocs\marekvicha\system\CodeIgniter.php(824): App\Controllers\User->home()
#12 C:\xampp\htdocs\marekvicha\system\CodeIgniter.php(410): CodeIgniter\CodeIgniter->runController(Object(App\Controllers\User))
#13 C:\xampp\htdocs\marekvicha\system\CodeIgniter.php(318): CodeIgniter\CodeIgniter->handleRequest(NULL, Object(Config\Cache), false)
#14 C:\xampp\htdocs\marekvicha\public\index.php(37): CodeIgniter\CodeIgniter->run()
#15 {main}
CRITICAL - 2021-11-10 12:15:47 --> Undefined array key "uEmail"
#0 C:\xampp\htdocs\marekvicha\app\Validation\UserRules.php(10): CodeIgniter\Debug\Exceptions->errorHandler(2, 'Undefined array...', 'C:\\xampp\\htdocs...', 10)
#1 C:\xampp\htdocs\marekvicha\system\Validation\Validation.php(277): App\Validation\UserRules->validateUser('a', 'email, password', Array, NULL)
#2 C:\xampp\htdocs\marekvicha\system\Validation\Validation.php(151): CodeIgniter\Validation\Validation->processRules('password', 'password', 'a', Array, Array)
#3 C:\xampp\htdocs\marekvicha\system\Controller.php(160): CodeIgniter\Validation\Validation->run()
#4 C:\xampp\htdocs\marekvicha\app\Controllers\User.php(27): CodeIgniter\Controller->validate(Array, Array)
#5 C:\xampp\htdocs\marekvicha\system\CodeIgniter.php(824): App\Controllers\User->home()
#6 C:\xampp\htdocs\marekvicha\system\CodeIgniter.php(410): CodeIgniter\CodeIgniter->runController(Object(App\Controllers\User))
#7 C:\xampp\htdocs\marekvicha\system\CodeIgniter.php(318): CodeIgniter\CodeIgniter->handleRequest(NULL, Object(Config\Cache), false)
#8 C:\xampp\htdocs\marekvicha\public\index.php(37): CodeIgniter\CodeIgniter->run()
#9 {main}
CRITICAL - 2021-11-10 12:27:09 --> Call to undefined method App\Models\UserModel::model
#0 C:\xampp\htdocs\marekvicha\app\Controllers\User.php(33): CodeIgniter\Model->__call('model', Array)
#1 C:\xampp\htdocs\marekvicha\system\CodeIgniter.php(824): App\Controllers\User->home()
#2 C:\xampp\htdocs\marekvicha\system\CodeIgniter.php(410): CodeIgniter\CodeIgniter->runController(Object(App\Controllers\User))
#3 C:\xampp\htdocs\marekvicha\system\CodeIgniter.php(318): CodeIgniter\CodeIgniter->handleRequest(NULL, Object(Config\Cache), false)
#4 C:\xampp\htdocs\marekvicha\public\index.php(37): CodeIgniter\CodeIgniter->run()
#5 {main}
CRITICAL - 2021-11-10 12:29:00 --> Call to undefined method App\Models\UserModel::model
#0 C:\xampp\htdocs\marekvicha\app\Controllers\User.php(33): CodeIgniter\Model->__call('model', Array)
#1 C:\xampp\htdocs\marekvicha\system\CodeIgniter.php(824): App\Controllers\User->home()
#2 C:\xampp\htdocs\marekvicha\system\CodeIgniter.php(410): CodeIgniter\CodeIgniter->runController(Object(App\Controllers\User))
#3 C:\xampp\htdocs\marekvicha\system\CodeIgniter.php(318): CodeIgniter\CodeIgniter->handleRequest(NULL, Object(Config\Cache), false)
#4 C:\xampp\htdocs\marekvicha\public\index.php(37): CodeIgniter\CodeIgniter->run()
#5 {main}
CRITICAL - 2021-11-10 12:29:49 --> Class "App\Models\UserModel" not found
#0 C:\xampp\htdocs\marekvicha\system\Validation\Validation.php(277): App\Validation\UserRules->validateUser('Marecek_8975', 'email, password', Array, NULL)
#1 C:\xampp\htdocs\marekvicha\system\Validation\Validation.php(151): CodeIgniter\Validation\Validation->processRules('password', 'password', 'Marecek_8975', Array, Array)
#2 C:\xampp\htdocs\marekvicha\system\Controller.php(160): CodeIgniter\Validation\Validation->run()
#3 C:\xampp\htdocs\marekvicha\app\Controllers\User.php(27): CodeIgniter\Controller->validate(Array, Array)
#4 C:\xampp\htdocs\marekvicha\system\CodeIgniter.php(824): App\Controllers\User->home()
#5 C:\xampp\htdocs\marekvicha\system\CodeIgniter.php(410): CodeIgniter\CodeIgniter->runController(Object(App\Controllers\User))
#6 C:\xampp\htdocs\marekvicha\system\CodeIgniter.php(318): CodeIgniter\CodeIgniter->handleRequest(NULL, Object(Config\Cache), false)
#7 C:\xampp\htdocs\marekvicha\public\index.php(37): CodeIgniter\CodeIgniter->run()
#8 {main}
CRITICAL - 2021-11-10 12:29:54 --> Call to undefined method App\Models\UserModel::model
#0 C:\xampp\htdocs\marekvicha\app\Controllers\User.php(33): CodeIgniter\Model->__call('model', Array)
#1 C:\xampp\htdocs\marekvicha\system\CodeIgniter.php(824): App\Controllers\User->home()
#2 C:\xampp\htdocs\marekvicha\system\CodeIgniter.php(410): CodeIgniter\CodeIgniter->runController(Object(App\Controllers\User))
#3 C:\xampp\htdocs\marekvicha\system\CodeIgniter.php(318): CodeIgniter\CodeIgniter->handleRequest(NULL, Object(Config\Cache), false)
#4 C:\xampp\htdocs\marekvicha\public\index.php(37): CodeIgniter\CodeIgniter->run()
#5 {main}
CRITICAL - 2021-11-10 12:31:18 --> Call to undefined method App\Models\UserModel::model
#0 C:\xampp\htdocs\marekvicha\app\Controllers\User.php(33): CodeIgniter\Model->__call('model', Array)
#1 C:\xampp\htdocs\marekvicha\system\CodeIgniter.php(824): App\Controllers\User->home()
#2 C:\xampp\htdocs\marekvicha\system\CodeIgniter.php(410): CodeIgniter\CodeIgniter->runController(Object(App\Controllers\User))
#3 C:\xampp\htdocs\marekvicha\system\CodeIgniter.php(318): CodeIgniter\CodeIgniter->handleRequest(NULL, Object(Config\Cache), false)
#4 C:\xampp\htdocs\marekvicha\public\index.php(37): CodeIgniter\CodeIgniter->run()
#5 {main}
CRITICAL - 2021-11-10 12:31:27 --> Call to undefined method App\Models\UserModel::model
#0 C:\xampp\htdocs\marekvicha\app\Controllers\User.php(33): CodeIgniter\Model->__call('model', Array)
#1 C:\xampp\htdocs\marekvicha\system\CodeIgniter.php(824): App\Controllers\User->home()
#2 C:\xampp\htdocs\marekvicha\system\CodeIgniter.php(410): CodeIgniter\CodeIgniter->runController(Object(App\Controllers\User))
#3 C:\xampp\htdocs\marekvicha\system\CodeIgniter.php(318): CodeIgniter\CodeIgniter->handleRequest(NULL, Object(Config\Cache), false)
#4 C:\xampp\htdocs\marekvicha\public\index.php(37): CodeIgniter\CodeIgniter->run()
#5 {main}
CRITICAL - 2021-11-10 12:32:21 --> Call to undefined method App\Models\UserModel::model
#0 C:\xampp\htdocs\marekvicha\app\Controllers\User.php(33): CodeIgniter\Model->__call('model', Array)
#1 C:\xampp\htdocs\marekvicha\system\CodeIgniter.php(824): App\Controllers\User->home()
#2 C:\xampp\htdocs\marekvicha\system\CodeIgniter.php(410): CodeIgniter\CodeIgniter->runController(Object(App\Controllers\User))
#3 C:\xampp\htdocs\marekvicha\system\CodeIgniter.php(318): CodeIgniter\CodeIgniter->handleRequest(NULL, Object(Config\Cache), false)
#4 C:\xampp\htdocs\marekvicha\public\index.php(37): CodeIgniter\CodeIgniter->run()
#5 {main}
CRITICAL - 2021-11-10 12:34:25 --> Call to undefined method App\Models\UserModel::model
#0 C:\xampp\htdocs\marekvicha\app\Controllers\User.php(35): CodeIgniter\Model->__call('model', Array)
#1 C:\xampp\htdocs\marekvicha\system\CodeIgniter.php(824): App\Controllers\User->home()
#2 C:\xampp\htdocs\marekvicha\system\CodeIgniter.php(410): CodeIgniter\CodeIgniter->runController(Object(App\Controllers\User))
#3 C:\xampp\htdocs\marekvicha\system\CodeIgniter.php(318): CodeIgniter\CodeIgniter->handleRequest(NULL, Object(Config\Cache), false)
#4 C:\xampp\htdocs\marekvicha\public\index.php(37): CodeIgniter\CodeIgniter->run()
#5 {main}
CRITICAL - 2021-11-10 12:35:13 --> Call to undefined method App\Models\UserModel::model
#0 C:\xampp\htdocs\marekvicha\app\Controllers\User.php(35): CodeIgniter\Model->__call('model', Array)
#1 C:\xampp\htdocs\marekvicha\system\CodeIgniter.php(824): App\Controllers\User->home()
#2 C:\xampp\htdocs\marekvicha\system\CodeIgniter.php(410): CodeIgniter\CodeIgniter->runController(Object(App\Controllers\User))
#3 C:\xampp\htdocs\marekvicha\system\CodeIgniter.php(318): CodeIgniter\CodeIgniter->handleRequest(NULL, Object(Config\Cache), false)
#4 C:\xampp\htdocs\marekvicha\public\index.php(37): CodeIgniter\CodeIgniter->run()
#5 {main}
CRITICAL - 2021-11-10 12:35:45 --> Object of class App\Validation\UserRules could not be converted to string
#0 C:\xampp\htdocs\marekvicha\system\CodeIgniter.php(824): App\Controllers\User->home()
#1 C:\xampp\htdocs\marekvicha\system\CodeIgniter.php(410): CodeIgniter\CodeIgniter->runController(Object(App\Controllers\User))
#2 C:\xampp\htdocs\marekvicha\system\CodeIgniter.php(318): CodeIgniter\CodeIgniter->handleRequest(NULL, Object(Config\Cache), false)
#3 C:\xampp\htdocs\marekvicha\public\index.php(37): CodeIgniter\CodeIgniter->run()
#4 {main}
CRITICAL - 2021-11-10 12:35:58 --> Call to undefined method App\Controllers\User::setUserMethod()
#0 C:\xampp\htdocs\marekvicha\system\CodeIgniter.php(824): App\Controllers\User->home()
#1 C:\xampp\htdocs\marekvicha\system\CodeIgniter.php(410): CodeIgniter\CodeIgniter->runController(Object(App\Controllers\User))
#2 C:\xampp\htdocs\marekvicha\system\CodeIgniter.php(318): CodeIgniter\CodeIgniter->handleRequest(NULL, Object(Config\Cache), false)
#3 C:\xampp\htdocs\marekvicha\public\index.php(37): CodeIgniter\CodeIgniter->run()
#4 {main}
CRITICAL - 2021-11-10 12:36:20 --> Call to undefined method App\Validation\UserRules::setUserMethod()
#0 C:\xampp\htdocs\marekvicha\system\CodeIgniter.php(824): App\Controllers\User->home()
#1 C:\xampp\htdocs\marekvicha\system\CodeIgniter.php(410): CodeIgniter\CodeIgniter->runController(Object(App\Controllers\User))
#2 C:\xampp\htdocs\marekvicha\system\CodeIgniter.php(318): CodeIgniter\CodeIgniter->handleRequest(NULL, Object(Config\Cache), false)
#3 C:\xampp\htdocs\marekvicha\public\index.php(37): CodeIgniter\CodeIgniter->run()
#4 {main}
CRITICAL - 2021-11-10 12:37:14 --> Call to undefined method App\Models\UserModel::setUserMethod
#0 C:\xampp\htdocs\marekvicha\app\Controllers\User.php(37): CodeIgniter\Model->__call('setUserMethod', Array)
#1 C:\xampp\htdocs\marekvicha\system\CodeIgniter.php(824): App\Controllers\User->home()
#2 C:\xampp\htdocs\marekvicha\system\CodeIgniter.php(410): CodeIgniter\CodeIgniter->runController(Object(App\Controllers\User))
#3 C:\xampp\htdocs\marekvicha\system\CodeIgniter.php(318): CodeIgniter\CodeIgniter->handleRequest(NULL, Object(Config\Cache), false)
#4 C:\xampp\htdocs\marekvicha\public\index.php(37): CodeIgniter\CodeIgniter->run()
#5 {main}
CRITICAL - 2021-11-10 12:37:44 --> Call to undefined method App\Controllers\User::setUserMethod()
#0 C:\xampp\htdocs\marekvicha\system\CodeIgniter.php(824): App\Controllers\User->home()
#1 C:\xampp\htdocs\marekvicha\system\CodeIgniter.php(410): CodeIgniter\CodeIgniter->runController(Object(App\Controllers\User))
#2 C:\xampp\htdocs\marekvicha\system\CodeIgniter.php(318): CodeIgniter\CodeIgniter->handleRequest(NULL, Object(Config\Cache), false)
#3 C:\xampp\htdocs\marekvicha\public\index.php(37): CodeIgniter\CodeIgniter->run()
#4 {main}
CRITICAL - 2021-11-10 12:37:51 --> Call to undefined method App\Controllers\User::setUserMethod()
#0 C:\xampp\htdocs\marekvicha\system\CodeIgniter.php(824): App\Controllers\User->home()
#1 C:\xampp\htdocs\marekvicha\system\CodeIgniter.php(410): CodeIgniter\CodeIgniter->runController(Object(App\Controllers\User))
#2 C:\xampp\htdocs\marekvicha\system\CodeIgniter.php(318): CodeIgniter\CodeIgniter->handleRequest(NULL, Object(Config\Cache), false)
#3 C:\xampp\htdocs\marekvicha\public\index.php(37): CodeIgniter\CodeIgniter->run()
#4 {main}
CRITICAL - 2021-11-10 12:38:08 --> Undefined array key "register_at"
#0 C:\xampp\htdocs\marekvicha\app\Models\UserModel.php(41): CodeIgniter\Debug\Exceptions->errorHandler(2, 'Undefined array...', 'C:\\xampp\\htdocs...', 41)
#1 C:\xampp\htdocs\marekvicha\app\Controllers\User.php(37): App\Models\UserModel->setUserMethod(Array)
#2 C:\xampp\htdocs\marekvicha\system\CodeIgniter.php(824): App\Controllers\User->home()
#3 C:\xampp\htdocs\marekvicha\system\CodeIgniter.php(410): CodeIgniter\CodeIgniter->runController(Object(App\Controllers\User))
#4 C:\xampp\htdocs\marekvicha\system\CodeIgniter.php(318): CodeIgniter\CodeIgniter->handleRequest(NULL, Object(Config\Cache), false)
#5 C:\xampp\htdocs\marekvicha\public\index.php(37): CodeIgniter\CodeIgniter->run()
#6 {main}
CRITICAL - 2021-11-10 12:38:29 --> Undefined array key "registered_at"
#0 C:\xampp\htdocs\marekvicha\app\Models\UserModel.php(41): CodeIgniter\Debug\Exceptions->errorHandler(2, 'Undefined array...', 'C:\\xampp\\htdocs...', 41)
#1 C:\xampp\htdocs\marekvicha\app\Controllers\User.php(37): App\Models\UserModel->setUserMethod(Array)
#2 C:\xampp\htdocs\marekvicha\system\CodeIgniter.php(824): App\Controllers\User->home()
#3 C:\xampp\htdocs\marekvicha\system\CodeIgniter.php(410): CodeIgniter\CodeIgniter->runController(Object(App\Controllers\User))
#4 C:\xampp\htdocs\marekvicha\system\CodeIgniter.php(318): CodeIgniter\CodeIgniter->handleRequest(NULL, Object(Config\Cache), false)
#5 C:\xampp\htdocs\marekvicha\public\index.php(37): CodeIgniter\CodeIgniter->run()
#6 {main}
CRITICAL - 2021-11-10 12:48:48 --> syntax error, unexpected end of file, expecting "elseif" or "else" or "endif"
#0 C:\xampp\htdocs\marekvicha\system\View\View.php(217): CodeIgniter\View\View->CodeIgniter\View\{closure}()
#1 C:\xampp\htdocs\marekvicha\system\View\View.php(432): CodeIgniter\View\View->render('/template/nav', NULL, true)
#2 C:\xampp\htdocs\marekvicha\app\Views\layout.php(10): CodeIgniter\View\View->include('/template/nav')
#3 C:\xampp\htdocs\marekvicha\system\View\View.php(214): include('C:\\xampp\\htdocs...')
#4 C:\xampp\htdocs\marekvicha\system\View\View.php(217): CodeIgniter\View\View->CodeIgniter\View\{closure}()
#5 C:\xampp\htdocs\marekvicha\system\View\View.php(230): CodeIgniter\View\View->render('layout', Array, true)
#6 C:\xampp\htdocs\marekvicha\system\Common.php(1097): CodeIgniter\View\View->render('home', Array, true)
#7 C:\xampp\htdocs\marekvicha\app\Controllers\User.php(41): view('home', Array)
#8 C:\xampp\htdocs\marekvicha\system\CodeIgniter.php(824): App\Controllers\User->home()
#9 C:\xampp\htdocs\marekvicha\system\CodeIgniter.php(410): CodeIgniter\CodeIgniter->runController(Object(App\Controllers\User))
#10 C:\xampp\htdocs\marekvicha\system\CodeIgniter.php(318): CodeIgniter\CodeIgniter->handleRequest(NULL, Object(Config\Cache), false)
#11 C:\xampp\htdocs\marekvicha\public\index.php(37): CodeIgniter\CodeIgniter->run()
#12 {main}
